  [1m[36m (2.4ms)[0m  [1mCREATE TABLE "schema_migrations" ("version" varchar NOT NULL) [0m
  [1m[35m (0.6ms)[0m  select sqlite_version(*)
  [1m[36m (1.9ms)[0m  [1mCREATE UNIQUE INDEX "unique_schema_migrations" ON "schema_migrations" ("version")[0m
  [1m[35mActiveRecord::SchemaMigration Load (0.1ms)[0m  SELECT "schema_migrations".* FROM "schema_migrations"
Migrating to CreateUsers (20150408074836)
  [1m[36m (0.3ms)[0m  [1mbegin transaction[0m
  [1m[35m (0.7ms)[0m  CREATE TABLE "users" ("id" INTEGER PRIMARY KEY AUTOINCREMENT NOT NULL, "username" varchar, "first_name" varchar, "last_name" varchar, "email" varchar, "password_digest" varchar, "city" varchar, "state" varchar, "age" integer, "games_total" integer, "games_won" integer, "bio" text, "created_at" datetime NOT NULL, "updated_at" datetime NOT NULL) 
  [1m[36mSQL (0.3ms)[0m  [1mINSERT INTO "schema_migrations" ("version") VALUES (?)[0m  [["version", "20150408074836"]]
  [1m[35m (2.0ms)[0m  commit transaction
Migrating to CreateFriendships (20150408080240)
  [1m[36m (0.1ms)[0m  [1mbegin transaction[0m
DEPRECATION WARNING: `#timestamp` was called without specifying an option for `null`. In Rails 5, this behavior will change to `null: false`. You should manually specify `null: true` to prevent the behavior of your existing migrations from changing. (called from block in change at /Users/stephaniebarreyro/Desktop/iball_rails/db/migrate/20150408080240_create_friendships.rb:8)
  [1m[35m (0.4ms)[0m  CREATE TABLE "friendships" ("id" INTEGER PRIMARY KEY AUTOINCREMENT NOT NULL, "friendee_id" integer, "friend_id" integer, "status" varchar, "created_at" datetime, "updated_at" datetime) 
  [1m[36mSQL (0.4ms)[0m  [1mINSERT INTO "schema_migrations" ("version") VALUES (?)[0m  [["version", "20150408080240"]]
  [1m[35m (1.4ms)[0m  commit transaction
Migrating to CreateComments (20150408080522)
  [1m[36m (0.2ms)[0m  [1mbegin transaction[0m
DEPRECATION WARNING: `#timestamp` was called without specifying an option for `null`. In Rails 5, this behavior will change to `null: false`. You should manually specify `null: true` to prevent the behavior of your existing migrations from changing. (called from block in change at /Users/stephaniebarreyro/Desktop/iball_rails/db/migrate/20150408080522_create_comments.rb:8)
  [1m[35m (1.6ms)[0m  CREATE TABLE "comments" ("id" INTEGER PRIMARY KEY AUTOINCREMENT NOT NULL, "sender_id" integer, "receiver_id" integer, "content" text, "created_at" datetime, "updated_at" datetime) 
  [1m[36mSQL (0.2ms)[0m  [1mINSERT INTO "schema_migrations" ("version") VALUES (?)[0m  [["version", "20150408080522"]]
  [1m[35m (2.0ms)[0m  commit transaction
Migrating to CreateGames (20150408081227)
  [1m[36m (0.1ms)[0m  [1mbegin transaction[0m
  [1m[35m (0.4ms)[0m  CREATE TABLE "games" ("id" INTEGER PRIMARY KEY AUTOINCREMENT NOT NULL, "user_id_id" integer, "title" varchar, "date" date, "city" varchar, "state" varchar, "zip" varchar, "address" varchar, "created_at" datetime NOT NULL, "updated_at" datetime NOT NULL) 
  [1m[36mSQL (0.1ms)[0m  [1mINSERT INTO "schema_migrations" ("version") VALUES (?)[0m  [["version", "20150408081227"]]
  [1m[35m (0.8ms)[0m  commit transaction
  [1m[36mActiveRecord::SchemaMigration Load (0.2ms)[0m  [1mSELECT "schema_migrations".* FROM "schema_migrations"[0m
  [1m[36mActiveRecord::SchemaMigration Load (1.1ms)[0m  [1mSELECT "schema_migrations".* FROM "schema_migrations"[0m
  [1m[35mActiveRecord::SchemaMigration Load (0.1ms)[0m  SELECT "schema_migrations".* FROM "schema_migrations"
  [1m[36mActiveRecord::SchemaMigration Load (0.7ms)[0m  [1mSELECT "schema_migrations".* FROM "schema_migrations"[0m
  [1m[36m (1.5ms)[0m  [1mCREATE TABLE "schema_migrations" ("version" varchar NOT NULL) [0m
  [1m[35m (0.1ms)[0m  select sqlite_version(*)
  [1m[36m (2.6ms)[0m  [1mCREATE UNIQUE INDEX "unique_schema_migrations" ON "schema_migrations" ("version")[0m
  [1m[35mActiveRecord::SchemaMigration Load (0.2ms)[0m  SELECT "schema_migrations".* FROM "schema_migrations"
Migrating to CreateUsers (20150408074836)
  [1m[36m (0.1ms)[0m  [1mbegin transaction[0m
  [1m[35m (0.5ms)[0m  CREATE TABLE "users" ("id" INTEGER PRIMARY KEY AUTOINCREMENT NOT NULL, "username" varchar, "first_name" varchar, "last_name" varchar, "email" varchar, "password_digest" varchar, "city" varchar, "state" varchar, "age" integer, "games_total" integer, "games_won" integer, "bio" text, "created_at" datetime NOT NULL, "updated_at" datetime NOT NULL) 
  [1m[36mSQL (0.3ms)[0m  [1mINSERT INTO "schema_migrations" ("version") VALUES (?)[0m  [["version", "20150408074836"]]
  [1m[35m (3.5ms)[0m  commit transaction
Migrating to CreateFriendships (20150408080240)
  [1m[36m (0.1ms)[0m  [1mbegin transaction[0m
DEPRECATION WARNING: `#timestamp` was called without specifying an option for `null`. In Rails 5, this behavior will change to `null: false`. You should manually specify `null: true` to prevent the behavior of your existing migrations from changing. (called from block in change at /Users/stephaniebarreyro/Desktop/iball_rails/db/migrate/20150408080240_create_friendships.rb:8)
  [1m[35m (1.5ms)[0m  CREATE TABLE "friendships" ("id" INTEGER PRIMARY KEY AUTOINCREMENT NOT NULL, "friendee_id" integer, "friend_id" integer, "status" varchar, "created_at" datetime, "updated_at" datetime) 
  [1m[36mSQL (0.2ms)[0m  [1mINSERT INTO "schema_migrations" ("version") VALUES (?)[0m  [["version", "20150408080240"]]
  [1m[35m (1.0ms)[0m  commit transaction
Migrating to CreateComments (20150408080522)
  [1m[36m (0.3ms)[0m  [1mbegin transaction[0m
DEPRECATION WARNING: `#timestamp` was called without specifying an option for `null`. In Rails 5, this behavior will change to `null: false`. You should manually specify `null: true` to prevent the behavior of your existing migrations from changing. (called from block in change at /Users/stephaniebarreyro/Desktop/iball_rails/db/migrate/20150408080522_create_comments.rb:8)
  [1m[35m (0.9ms)[0m  CREATE TABLE "comments" ("id" INTEGER PRIMARY KEY AUTOINCREMENT NOT NULL, "sender_id" integer, "receiver_id" integer, "content" text, "created_at" datetime, "updated_at" datetime) 
  [1m[36mSQL (0.1ms)[0m  [1mINSERT INTO "schema_migrations" ("version") VALUES (?)[0m  [["version", "20150408080522"]]
  [1m[35m (1.1ms)[0m  commit transaction
Migrating to CreateGames (20150408081227)
  [1m[36m (0.1ms)[0m  [1mbegin transaction[0m
  [1m[35m (0.7ms)[0m  CREATE TABLE "games" ("id" INTEGER PRIMARY KEY AUTOINCREMENT NOT NULL, "user_id_id" integer, "title" varchar, "date" date, "city" varchar, "state" varchar, "zip" varchar, "address" varchar, "created_at" datetime NOT NULL, "updated_at" datetime NOT NULL) 
  [1m[36mSQL (0.2ms)[0m  [1mINSERT INTO "schema_migrations" ("version") VALUES (?)[0m  [["version", "20150408081227"]]
  [1m[35m (1.3ms)[0m  commit transaction
  [1m[36mActiveRecord::SchemaMigration Load (0.2ms)[0m  [1mSELECT "schema_migrations".* FROM "schema_migrations"[0m
  [1m[36mActiveRecord::SchemaMigration Load (0.2ms)[0m  [1mSELECT "schema_migrations".* FROM "schema_migrations"[0m
  [1m[35m (0.1ms)[0m  begin transaction
  [1m[36mUser Exists (0.6ms)[0m  [1mSELECT  1 AS one FROM "users" WHERE "users"."email" = 'k@k.com' LIMIT 1[0m
  [1m[35mSQL (1.0ms)[0m  INSERT INTO "users" ("username", "email", "password_digest", "first_name", "last_name", "age", "city", "state", "bio", "created_at", "updated_at") VALUES (?, ?, ?, ?, ?, ?, ?, ?, ?, ?, ?)  [["username", "KD35"], ["email", "k@k.com"], ["password_digest", "$2a$10$lIQKFxnrSt2u3q.8JLm7H.PzbPBB2ninBzOXznD9TkWUy8GWdPkz."], ["first_name", "Kevin"], ["last_name", "Durant"], ["age", 26], ["city", "Oklahoma City"], ["state", "OK"], ["bio", "OKC"], ["created_at", "2015-04-08 08:38:19.534903"], ["updated_at", "2015-04-08 08:38:19.534903"]]
  [1m[36m (1.0ms)[0m  [1mcommit transaction[0m
  [1m[35m (0.1ms)[0m  begin transaction
  [1m[36mUser Exists (0.3ms)[0m  [1mSELECT  1 AS one FROM "users" WHERE "users"."email" = 's@s.com' LIMIT 1[0m
  [1m[35mSQL (0.3ms)[0m  INSERT INTO "users" ("username", "email", "password_digest", "first_name", "last_name", "age", "city", "state", "bio", "created_at", "updated_at") VALUES (?, ?, ?, ?, ?, ?, ?, ?, ?, ?, ?)  [["username", "SwaggyP"], ["email", "s@s.com"], ["password_digest", "$2a$10$DujCL56KjPN44v1trzp4wecqQTztWsrDMp0DPE5r5xdnLnfUjeZQy"], ["first_name", "Nick"], ["last_name", "Young"], ["age", 26], ["city", "Los Angeles"], ["state", "CA"], ["bio", "LAL"], ["created_at", "2015-04-08 08:38:19.647706"], ["updated_at", "2015-04-08 08:38:19.647706"]]
  [1m[36m (9.3ms)[0m  [1mcommit transaction[0m
  [1m[35m (0.2ms)[0m  begin transaction
  [1m[36mUser Exists (0.5ms)[0m  [1mSELECT  1 AS one FROM "users" WHERE "users"."email" = 'c@c.com' LIMIT 1[0m
  [1m[35mSQL (0.3ms)[0m  INSERT INTO "users" ("username", "email", "password_digest", "first_name", "last_name", "age", "city", "state", "bio", "created_at", "updated_at") VALUES (?, ?, ?, ?, ?, ?, ?, ?, ?, ?, ?)  [["username", "Chef Stef"], ["email", "c@c.com"], ["password_digest", "$2a$10$a/PLoCWLU0GRTOlCX4CZcurSCoY2OOWn2WL5vZ1gWEfO8JO0k4Jeq"], ["first_name", "Stephen"], ["last_name", "Curry"], ["age", 26], ["city", "Oakland"], ["state", "CA"], ["bio", "GSW"], ["created_at", "2015-04-08 08:38:19.802578"], ["updated_at", "2015-04-08 08:38:19.802578"]]
  [1m[36m (8.4ms)[0m  [1mcommit transaction[0m
  [1m[35m (0.1ms)[0m  begin transaction
  [1m[36mUser Exists (0.2ms)[0m  [1mSELECT  1 AS one FROM "users" WHERE "users"."email" = 'kl@kl.com' LIMIT 1[0m
  [1m[35mSQL (0.3ms)[0m  INSERT INTO "users" ("username", "email", "password_digest", "first_name", "last_name", "age", "city", "state", "bio", "created_at", "updated_at") VALUES (?, ?, ?, ?, ?, ?, ?, ?, ?, ?, ?)  [["username", "K.Love"], ["email", "kl@kl.com"], ["password_digest", "$2a$10$rHGGBMiB0F2TSp1lMgOfuOtMBgPcKLMwNdv2mOnI8jJvjjtM1v1TC"], ["first_name", "Kevin"], ["last_name", "Love"], ["age", 26], ["city", "Cleveland"], ["state", "OH"], ["bio", "CLC"], ["created_at", "2015-04-08 08:38:19.936047"], ["updated_at", "2015-04-08 08:38:19.936047"]]
  [1m[36m (8.6ms)[0m  [1mcommit transaction[0m
  [1m[35m (0.1ms)[0m  begin transaction
  [1m[36mUser Exists (0.1ms)[0m  [1mSELECT  1 AS one FROM "users" WHERE "users"."email" = 'b@b.com' LIMIT 1[0m
  [1m[35mSQL (0.3ms)[0m  INSERT INTO "users" ("username", "email", "password_digest", "first_name", "last_name", "age", "city", "state", "bio", "created_at", "updated_at") VALUES (?, ?, ?, ?, ?, ?, ?, ?, ?, ?, ?)  [["username", "Black Mamba"], ["email", "b@b.com"], ["password_digest", "$2a$10$wp.OaEpIzb3.yUQLk5YRyepDh1tGMy97jsm406A2ALtZ3q12n9qb6"], ["first_name", "Kobe"], ["last_name", "Bryant"], ["age", 36], ["city", "Los Angeles"], ["state", "CA"], ["bio", "LAL"], ["created_at", "2015-04-08 08:38:20.074396"], ["updated_at", "2015-04-08 08:38:20.074396"]]
  [1m[36m (8.3ms)[0m  [1mcommit transaction[0m
  [1m[36mUser Load (2.8ms)[0m  [1mSELECT "users".* FROM "users"[0m
  [1m[35mUser Load (0.5ms)[0m  SELECT  "users".* FROM "users"  ORDER BY "users"."id" ASC LIMIT 1


Started GET "/" for ::1 at 2015-04-09 23:15:18 -0700
  [1m[36mActiveRecord::SchemaMigration Load (0.7ms)[0m  [1mSELECT "schema_migrations".* FROM "schema_migrations"[0m
Processing by UsersController#index as HTML
  Rendered users/index.html.erb within layouts/application (63.9ms)
Completed 500 Internal Server Error in 90ms

ActionView::Template::Error (undefined local variable or method `f' for #<#<Class:0x007feb0c1d7a28>:0x007feb0f952e58>):
     5: </p>
     6: 
     7: <%= form_tag "/login" do %>
     8:   <%= f.text_field :username, placeholder: "Username" %>
     9:   <%= f.password_field :password, placeholder: "Password" %>
    10:   <%= submit_tag %>
    11: <% end %>
  app/views/users/index.html.erb:8:in `block in _app_views_users_index_html_erb___3381413775879051351_70323778212760'
  app/views/users/index.html.erb:7:in `_app_views_users_index_html_erb___3381413775879051351_70323778212760'


  Rendered /Users/stephaniebarreyro/.rvm/gems/ruby-2.0.0-p594/gems/actionpack-4.2.0/lib/action_dispatch/middleware/templates/rescues/_source.erb (8.8ms)
  Rendered /Users/stephaniebarreyro/.rvm/gems/ruby-2.0.0-p594/gems/actionpack-4.2.0/lib/action_dispatch/middleware/templates/rescues/_trace.html.erb (3.4ms)
  Rendered /Users/stephaniebarreyro/.rvm/gems/ruby-2.0.0-p594/gems/actionpack-4.2.0/lib/action_dispatch/middleware/templates/rescues/_request_and_response.html.erb (1.3ms)
  Rendered /Users/stephaniebarreyro/.rvm/gems/ruby-2.0.0-p594/gems/actionpack-4.2.0/lib/action_dispatch/middleware/templates/rescues/template_error.html.erb within rescues/layout (36.0ms)
  Rendered /Users/stephaniebarreyro/.rvm/gems/ruby-2.0.0-p594/gems/web-console-2.1.2/lib/web_console/templates/_markup.html.erb (0.6ms)
  Rendered /Users/stephaniebarreyro/.rvm/gems/ruby-2.0.0-p594/gems/web-console-2.1.2/lib/web_console/templates/style.css.erb within layouts/inlined_string (0.6ms)
  Rendered /Users/stephaniebarreyro/.rvm/gems/ruby-2.0.0-p594/gems/web-console-2.1.2/lib/web_console/templates/_inner_console_markup.html.erb within layouts/inlined_string (0.5ms)
  Rendered /Users/stephaniebarreyro/.rvm/gems/ruby-2.0.0-p594/gems/web-console-2.1.2/lib/web_console/templates/_prompt_box_markup.html.erb within layouts/inlined_string (0.3ms)
  Rendered /Users/stephaniebarreyro/.rvm/gems/ruby-2.0.0-p594/gems/web-console-2.1.2/lib/web_console/templates/console.js.erb within layouts/javascript (28.0ms)
  Rendered /Users/stephaniebarreyro/.rvm/gems/ruby-2.0.0-p594/gems/web-console-2.1.2/lib/web_console/templates/main.js.erb within layouts/javascript (0.5ms)
  Rendered /Users/stephaniebarreyro/.rvm/gems/ruby-2.0.0-p594/gems/web-console-2.1.2/lib/web_console/templates/error_page.js.erb within layouts/javascript (0.6ms)
  Rendered /Users/stephaniebarreyro/.rvm/gems/ruby-2.0.0-p594/gems/web-console-2.1.2/lib/web_console/templates/index.html.erb (67.9ms)


Started GET "/" for ::1 at 2015-04-09 23:16:00 -0700
Processing by UsersController#index as HTML
  Rendered users/index.html.erb within layouts/application (3.5ms)
Completed 500 Internal Server Error in 7ms

ActionView::Template::Error (undefined method `text_field' for nil:NilClass):
     5: </p>
     6: 
     7: <%= form_tag "/login" do |f| %>
     8:   <%= f.text_field :username, placeholder: "Username" %>
     9:   <%= f.password_field :password, placeholder: "Password" %>
    10:   <%= submit_tag %>
    11: <% end %>
  app/views/users/index.html.erb:8:in `block in _app_views_users_index_html_erb___3381413775879051351_70323778753500'
  app/views/users/index.html.erb:7:in `_app_views_users_index_html_erb___3381413775879051351_70323778753500'


  Rendered /Users/stephaniebarreyro/.rvm/gems/ruby-2.0.0-p594/gems/actionpack-4.2.0/lib/action_dispatch/middleware/templates/rescues/_source.erb (9.8ms)
  Rendered /Users/stephaniebarreyro/.rvm/gems/ruby-2.0.0-p594/gems/actionpack-4.2.0/lib/action_dispatch/middleware/templates/rescues/_trace.html.erb (3.4ms)
  Rendered /Users/stephaniebarreyro/.rvm/gems/ruby-2.0.0-p594/gems/actionpack-4.2.0/lib/action_dispatch/middleware/templates/rescues/_request_and_response.html.erb (1.6ms)
  Rendered /Users/stephaniebarreyro/.rvm/gems/ruby-2.0.0-p594/gems/actionpack-4.2.0/lib/action_dispatch/middleware/templates/rescues/template_error.html.erb within rescues/layout (32.0ms)
  Rendered /Users/stephaniebarreyro/.rvm/gems/ruby-2.0.0-p594/gems/web-console-2.1.2/lib/web_console/templates/_markup.html.erb (0.6ms)
  Rendered /Users/stephaniebarreyro/.rvm/gems/ruby-2.0.0-p594/gems/web-console-2.1.2/lib/web_console/templates/style.css.erb within layouts/inlined_string (0.5ms)
  Rendered /Users/stephaniebarreyro/.rvm/gems/ruby-2.0.0-p594/gems/web-console-2.1.2/lib/web_console/templates/_inner_console_markup.html.erb within layouts/inlined_string (0.4ms)
  Rendered /Users/stephaniebarreyro/.rvm/gems/ruby-2.0.0-p594/gems/web-console-2.1.2/lib/web_console/templates/_prompt_box_markup.html.erb within layouts/inlined_string (0.8ms)
  Rendered /Users/stephaniebarreyro/.rvm/gems/ruby-2.0.0-p594/gems/web-console-2.1.2/lib/web_console/templates/console.js.erb within layouts/javascript (21.8ms)
  Rendered /Users/stephaniebarreyro/.rvm/gems/ruby-2.0.0-p594/gems/web-console-2.1.2/lib/web_console/templates/main.js.erb within layouts/javascript (0.3ms)
  Rendered /Users/stephaniebarreyro/.rvm/gems/ruby-2.0.0-p594/gems/web-console-2.1.2/lib/web_console/templates/error_page.js.erb within layouts/javascript (0.6ms)
  Rendered /Users/stephaniebarreyro/.rvm/gems/ruby-2.0.0-p594/gems/web-console-2.1.2/lib/web_console/templates/index.html.erb (84.7ms)


Started GET "/" for ::1 at 2015-04-09 23:18:16 -0700
Processing by UsersController#index as HTML
  Rendered users/new.html.erb (3.6ms)
  Rendered users/index.html.erb within layouts/application (28.2ms)
Completed 500 Internal Server Error in 30ms

ActionView::Template::Error (First argument in form cannot contain nil or be empty):
     6: 
     7: <h1>Create a user:</h1>
     8: <div class="form-info">
     9:   <%= form_for @user do |f| %>
    10:     <%= f.text_field :email, placeholder: "Email" %>
    11:     <%= f.text_field :username, placeholder: "Username" %>
    12:     <%= f.password_field :password, placeholder: "Password" %>
  app/views/users/new.html.erb:9:in `_app_views_users_new_html_erb__3396876372399061608_70323786032980'
  app/views/users/index.html.erb:15:in `_app_views_users_index_html_erb___3381413775879051351_70323761592100'


  Rendered /Users/stephaniebarreyro/.rvm/gems/ruby-2.0.0-p594/gems/actionpack-4.2.0/lib/action_dispatch/middleware/templates/rescues/_source.erb (11.0ms)
  Rendered /Users/stephaniebarreyro/.rvm/gems/ruby-2.0.0-p594/gems/actionpack-4.2.0/lib/action_dispatch/middleware/templates/rescues/_trace.html.erb (3.8ms)
  Rendered /Users/stephaniebarreyro/.rvm/gems/ruby-2.0.0-p594/gems/actionpack-4.2.0/lib/action_dispatch/middleware/templates/rescues/_request_and_response.html.erb (1.1ms)
  Rendered /Users/stephaniebarreyro/.rvm/gems/ruby-2.0.0-p594/gems/actionpack-4.2.0/lib/action_dispatch/middleware/templates/rescues/template_error.html.erb within rescues/layout (31.4ms)
  Rendered /Users/stephaniebarreyro/.rvm/gems/ruby-2.0.0-p594/gems/web-console-2.1.2/lib/web_console/templates/_markup.html.erb (0.3ms)
  Rendered /Users/stephaniebarreyro/.rvm/gems/ruby-2.0.0-p594/gems/web-console-2.1.2/lib/web_console/templates/style.css.erb within layouts/inlined_string (0.4ms)
  Rendered /Users/stephaniebarreyro/.rvm/gems/ruby-2.0.0-p594/gems/web-console-2.1.2/lib/web_console/templates/_inner_console_markup.html.erb within layouts/inlined_string (0.4ms)
  Rendered /Users/stephaniebarreyro/.rvm/gems/ruby-2.0.0-p594/gems/web-console-2.1.2/lib/web_console/templates/_prompt_box_markup.html.erb within layouts/inlined_string (0.5ms)
  Rendered /Users/stephaniebarreyro/.rvm/gems/ruby-2.0.0-p594/gems/web-console-2.1.2/lib/web_console/templates/console.js.erb within layouts/javascript (20.9ms)
  Rendered /Users/stephaniebarreyro/.rvm/gems/ruby-2.0.0-p594/gems/web-console-2.1.2/lib/web_console/templates/main.js.erb within layouts/javascript (0.5ms)
  Rendered /Users/stephaniebarreyro/.rvm/gems/ruby-2.0.0-p594/gems/web-console-2.1.2/lib/web_console/templates/error_page.js.erb within layouts/javascript (0.4ms)
  Rendered /Users/stephaniebarreyro/.rvm/gems/ruby-2.0.0-p594/gems/web-console-2.1.2/lib/web_console/templates/index.html.erb (41.2ms)
